2022-08-03 17:03:34.851  INFO 11352 --- [restartedMain] com.consumer.ConsumerApplication         : Starting ConsumerApplication using Java 1.8.0_301 on STGILT-NEW-68 with PID 11352 (C:\Users\jasonkarunakarand\Downloads\consumer\consumer\target\classes started by jasonkarunakarand in C:\Users\jasonkarunakarand\Downloads\consumer\consumer)
2022-08-03 17:03:34.852 DEBUG 11352 --- [restartedMain] com.consumer.ConsumerApplication         : Running with Spring Boot v2.7.2, Spring v5.3.22
2022-08-03 17:03:34.852  INFO 11352 --- [restartedMain] com.consumer.ConsumerApplication         : No active profile set, falling back to 1 default profile: "default"
2022-08-03 17:03:34.916  INFO 11352 --- [restartedMain] .e.DevToolsPropertyDefaultsPostProcessor : Devtools property defaults active! Set 'spring.devtools.add-properties' to 'false' to disable
2022-08-03 17:03:34.916  INFO 11352 --- [restartedMain] .e.DevToolsPropertyDefaultsPostProcessor : For additional web related logging consider setting the 'logging.level.web' property to 'DEBUG'
2022-08-03 17:03:35.446  INFO 11352 --- [restartedMain] .s.d.r.c.RepositoryConfigurationDelegate : Bootstrapping Spring Data JPA repositories in DEFAULT mode.
2022-08-03 17:03:35.490  INFO 11352 --- [restartedMain] .s.d.r.c.RepositoryConfigurationDelegate : Finished Spring Data repository scanning in 36 ms. Found 1 JPA repository interfaces.
2022-08-03 17:03:36.303  INFO 11352 --- [restartedMain] o.s.b.w.embedded.tomcat.TomcatWebServer  : Tomcat initialized with port(s): 9092 (http)
2022-08-03 17:03:36.311  INFO 11352 --- [restartedMain] o.apache.catalina.core.StandardService   : Starting service [Tomcat]
2022-08-03 17:03:36.312  INFO 11352 --- [restartedMain] org.apache.catalina.core.StandardEngine  : Starting Servlet engine: [Apache Tomcat/9.0.65]
2022-08-03 17:03:36.380  INFO 11352 --- [restartedMain] o.a.c.c.C.[.[.[/catalogservice]          : Initializing Spring embedded WebApplicationContext
2022-08-03 17:03:36.380  INFO 11352 --- [restartedMain] w.s.c.ServletWebServerApplicationContext : Root WebApplicationContext: initialization completed in 1463 ms
2022-08-03 17:03:36.433 DEBUG 11352 --- [restartedMain] com.zaxxer.hikari.HikariConfig           : Driver class com.mysql.cj.jdbc.Driver found in Thread context class loader org.springframework.boot.devtools.restart.classloader.RestartClassLoader@37349a34
2022-08-03 17:03:36.549  INFO 11352 --- [restartedMain] o.hibernate.jpa.internal.util.LogHelper  : HHH000204: Processing PersistenceUnitInfo [name: default]
2022-08-03 17:03:36.591  INFO 11352 --- [restartedMain] org.hibernate.Version                    : HHH000412: Hibernate ORM core version 5.6.10.Final
2022-08-03 17:03:36.762  INFO 11352 --- [restartedMain] o.hibernate.annotations.common.Version   : HCANN000001: Hibernate Commons Annotations {5.1.2.Final}
2022-08-03 17:03:36.845 DEBUG 11352 --- [restartedMain] com.zaxxer.hikari.HikariConfig           : HikariPool-1 - configuration:
2022-08-03 17:03:36.846 DEBUG 11352 --- [restartedMain] com.zaxxer.hikari.HikariConfig           : allowPoolSuspension................................false
2022-08-03 17:03:36.846 DEBUG 11352 --- [restartedMain] com.zaxxer.hikari.HikariConfig           : autoCommit................................true
2022-08-03 17:03:36.846 DEBUG 11352 --- [restartedMain] com.zaxxer.hikari.HikariConfig           : catalog................................none
2022-08-03 17:03:36.846 DEBUG 11352 --- [restartedMain] com.zaxxer.hikari.HikariConfig           : connectionInitSql................................none
2022-08-03 17:03:36.847 DEBUG 11352 --- [restartedMain] com.zaxxer.hikari.HikariConfig           : connectionTestQuery................................none
2022-08-03 17:03:36.847 DEBUG 11352 --- [restartedMain] com.zaxxer.hikari.HikariConfig           : connectionTimeout................................30000
2022-08-03 17:03:36.847 DEBUG 11352 --- [restartedMain] com.zaxxer.hikari.HikariConfig           : dataSource................................none
2022-08-03 17:03:36.847 DEBUG 11352 --- [restartedMain] com.zaxxer.hikari.HikariConfig           : dataSourceClassName................................none
2022-08-03 17:03:36.847 DEBUG 11352 --- [restartedMain] com.zaxxer.hikari.HikariConfig           : dataSourceJNDI................................none
2022-08-03 17:03:36.847 DEBUG 11352 --- [restartedMain] com.zaxxer.hikari.HikariConfig           : dataSourceProperties................................{password=<masked>}
2022-08-03 17:03:36.847 DEBUG 11352 --- [restartedMain] com.zaxxer.hikari.HikariConfig           : driverClassName................................"com.mysql.cj.jdbc.Driver"
2022-08-03 17:03:36.847 DEBUG 11352 --- [restartedMain] com.zaxxer.hikari.HikariConfig           : exceptionOverrideClassName................................none
2022-08-03 17:03:36.847 DEBUG 11352 --- [restartedMain] com.zaxxer.hikari.HikariConfig           : healthCheckProperties................................{}
2022-08-03 17:03:36.847 DEBUG 11352 --- [restartedMain] com.zaxxer.hikari.HikariConfig           : healthCheckRegistry................................none
2022-08-03 17:03:36.847 DEBUG 11352 --- [restartedMain] com.zaxxer.hikari.HikariConfig           : idleTimeout................................600000
2022-08-03 17:03:36.848 DEBUG 11352 --- [restartedMain] com.zaxxer.hikari.HikariConfig           : initializationFailTimeout................................1
2022-08-03 17:03:36.848 DEBUG 11352 --- [restartedMain] com.zaxxer.hikari.HikariConfig           : isolateInternalQueries................................false
2022-08-03 17:03:36.848 DEBUG 11352 --- [restartedMain] com.zaxxer.hikari.HikariConfig           : jdbcUrl................................jdbc:mysql://localhost:3306/casestudy?useSSL=false
2022-08-03 17:03:36.848 DEBUG 11352 --- [restartedMain] com.zaxxer.hikari.HikariConfig           : keepaliveTime................................0
2022-08-03 17:03:36.848 DEBUG 11352 --- [restartedMain] com.zaxxer.hikari.HikariConfig           : leakDetectionThreshold................................0
2022-08-03 17:03:36.848 DEBUG 11352 --- [restartedMain] com.zaxxer.hikari.HikariConfig           : maxLifetime................................1800000
2022-08-03 17:03:36.848 DEBUG 11352 --- [restartedMain] com.zaxxer.hikari.HikariConfig           : maximumPoolSize................................10
2022-08-03 17:03:36.848 DEBUG 11352 --- [restartedMain] com.zaxxer.hikari.HikariConfig           : metricRegistry................................none
2022-08-03 17:03:36.848 DEBUG 11352 --- [restartedMain] com.zaxxer.hikari.HikariConfig           : metricsTrackerFactory................................none
2022-08-03 17:03:36.848 DEBUG 11352 --- [restartedMain] com.zaxxer.hikari.HikariConfig           : minimumIdle................................10
2022-08-03 17:03:36.848 DEBUG 11352 --- [restartedMain] com.zaxxer.hikari.HikariConfig           : password................................<masked>
2022-08-03 17:03:36.848 DEBUG 11352 --- [restartedMain] com.zaxxer.hikari.HikariConfig           : poolName................................"HikariPool-1"
2022-08-03 17:03:36.848 DEBUG 11352 --- [restartedMain] com.zaxxer.hikari.HikariConfig           : readOnly................................false
2022-08-03 17:03:36.848 DEBUG 11352 --- [restartedMain] com.zaxxer.hikari.HikariConfig           : registerMbeans................................false
2022-08-03 17:03:36.848 DEBUG 11352 --- [restartedMain] com.zaxxer.hikari.HikariConfig           : scheduledExecutor................................none
2022-08-03 17:03:36.848 DEBUG 11352 --- [restartedMain] com.zaxxer.hikari.HikariConfig           : schema................................none
2022-08-03 17:03:36.849 DEBUG 11352 --- [restartedMain] com.zaxxer.hikari.HikariConfig           : threadFactory................................internal
2022-08-03 17:03:36.849 DEBUG 11352 --- [restartedMain] com.zaxxer.hikari.HikariConfig           : transactionIsolation................................default
2022-08-03 17:03:36.849 DEBUG 11352 --- [restartedMain] com.zaxxer.hikari.HikariConfig           : username................................"root"
2022-08-03 17:03:36.849 DEBUG 11352 --- [restartedMain] com.zaxxer.hikari.HikariConfig           : validationTimeout................................5000
2022-08-03 17:03:36.849  INFO 11352 --- [restartedMain] com.zaxxer.hikari.HikariDataSource       : HikariPool-1 - Starting...
2022-08-03 17:03:36.982 DEBUG 11352 --- [restartedMain] com.zaxxer.hikari.pool.HikariPool        : HikariPool-1 - Added connection com.mysql.cj.jdbc.ConnectionImpl@5ed30546
2022-08-03 17:03:36.984  INFO 11352 --- [restartedMain] com.zaxxer.hikari.HikariDataSource       : HikariPool-1 - Start completed.
2022-08-03 17:03:37.006  INFO 11352 --- [restartedMain] org.hibernate.dialect.Dialect            : HHH000400: Using dialect: org.hibernate.dialect.MySQL8Dialect
2022-08-03 17:03:37.096 DEBUG 11352 --- [HikariPool-1 housekeeper] com.zaxxer.hikari.pool.HikariPool        : HikariPool-1 - Pool stats (total=1, active=0, idle=1, waiting=0)
2022-08-03 17:03:37.101 DEBUG 11352 --- [HikariPool-1 connection adder] com.zaxxer.hikari.pool.HikariPool        : HikariPool-1 - Added connection com.mysql.cj.jdbc.ConnectionImpl@3eccc76c
2022-08-03 17:03:37.107 DEBUG 11352 --- [HikariPool-1 connection adder] com.zaxxer.hikari.pool.HikariPool        : HikariPool-1 - Added connection com.mysql.cj.jdbc.ConnectionImpl@7ff1cd57
2022-08-03 17:03:37.113 DEBUG 11352 --- [HikariPool-1 connection adder] com.zaxxer.hikari.pool.HikariPool        : HikariPool-1 - Added connection com.mysql.cj.jdbc.ConnectionImpl@4e44b465
2022-08-03 17:03:37.119 DEBUG 11352 --- [HikariPool-1 connection adder] com.zaxxer.hikari.pool.HikariPool        : HikariPool-1 - Added connection com.mysql.cj.jdbc.ConnectionImpl@56cf076e
2022-08-03 17:03:37.123 DEBUG 11352 --- [HikariPool-1 connection adder] com.zaxxer.hikari.pool.HikariPool        : HikariPool-1 - Added connection com.mysql.cj.jdbc.ConnectionImpl@7530fb2b
2022-08-03 17:03:37.127 DEBUG 11352 --- [HikariPool-1 connection adder] com.zaxxer.hikari.pool.HikariPool        : HikariPool-1 - Added connection com.mysql.cj.jdbc.ConnectionImpl@35cad90c
2022-08-03 17:03:37.132 DEBUG 11352 --- [HikariPool-1 connection adder] com.zaxxer.hikari.pool.HikariPool        : HikariPool-1 - Added connection com.mysql.cj.jdbc.ConnectionImpl@78c44630
2022-08-03 17:03:37.137 DEBUG 11352 --- [HikariPool-1 connection adder] com.zaxxer.hikari.pool.HikariPool        : HikariPool-1 - Added connection com.mysql.cj.jdbc.ConnectionImpl@6501fbd4
2022-08-03 17:03:37.141 DEBUG 11352 --- [HikariPool-1 connection adder] com.zaxxer.hikari.pool.HikariPool        : HikariPool-1 - Added connection com.mysql.cj.jdbc.ConnectionImpl@69fe143e
2022-08-03 17:03:37.142 DEBUG 11352 --- [HikariPool-1 connection adder] com.zaxxer.hikari.pool.HikariPool        : HikariPool-1 - After adding stats (total=10, active=0, idle=10, waiting=0)
2022-08-03 17:03:37.626  INFO 11352 --- [restartedMain] o.h.e.t.j.p.i.JtaPlatformInitiator       : HHH000490: Using JtaPlatform implementation: [org.hibernate.engine.transaction.jta.platform.internal.NoJtaPlatform]
2022-08-03 17:03:37.633  INFO 11352 --- [restartedMain] j.LocalContainerEntityManagerFactoryBean : Initialized JPA EntityManagerFactory for persistence unit 'default'
2022-08-03 17:03:38.027  WARN 11352 --- [restartedMain] JpaBaseConfiguration$JpaWebConfiguration : spring.jpa.open-in-view is enabled by default. Therefore, database queries may be performed during view rendering. Explicitly configure spring.jpa.open-in-view to disable this warning
2022-08-03 17:03:38.334  WARN 11352 --- [restartedMain] o.s.b.d.a.OptionalLiveReloadServer       : Unable to start LiveReload server
2022-08-03 17:03:38.363  INFO 11352 --- [restartedMain] o.s.b.w.embedded.tomcat.TomcatWebServer  : Tomcat started on port(s): 9092 (http) with context path '/catalogservice'
2022-08-03 17:03:38.372  INFO 11352 --- [restartedMain] com.consumer.ConsumerApplication         : Started ConsumerApplication in 3.847 seconds (JVM running for 4.194)
2022-08-03 17:04:07.097 DEBUG 11352 --- [HikariPool-1 housekeeper] com.zaxxer.hikari.pool.HikariPool        : HikariPool-1 - Pool stats (total=10, active=0, idle=10, waiting=0)
2022-08-03 17:04:07.098 DEBUG 11352 --- [HikariPool-1 housekeeper] com.zaxxer.hikari.pool.HikariPool        : HikariPool-1 - Fill pool skipped, pool is at sufficient level.
2022-08-03 17:04:37.104 DEBUG 11352 --- [HikariPool-1 housekeeper] com.zaxxer.hikari.pool.HikariPool        : HikariPool-1 - Pool stats (total=10, active=0, idle=10, waiting=0)
2022-08-03 17:04:37.105 DEBUG 11352 --- [HikariPool-1 housekeeper] com.zaxxer.hikari.pool.HikariPool        : HikariPool-1 - Fill pool skipped, pool is at sufficient level.
2022-08-03 17:05:07.121 DEBUG 11352 --- [HikariPool-1 housekeeper] com.zaxxer.hikari.pool.HikariPool        : HikariPool-1 - Pool stats (total=10, active=0, idle=10, waiting=0)
2022-08-03 17:05:07.122 DEBUG 11352 --- [HikariPool-1 housekeeper] com.zaxxer.hikari.pool.HikariPool        : HikariPool-1 - Fill pool skipped, pool is at sufficient level.
2022-08-03 17:08:56.135  INFO 5524 --- [restartedMain] com.consumer.ConsumerApplication         : Starting ConsumerApplication using Java 1.8.0_301 on STGILT-NEW-68 with PID 5524 (C:\Users\jasonkarunakarand\Downloads\consumer\consumer\target\classes started by jasonkarunakarand in C:\Users\jasonkarunakarand\Downloads\consumer\consumer)
2022-08-03 17:08:56.136 DEBUG 5524 --- [restartedMain] com.consumer.ConsumerApplication         : Running with Spring Boot v2.7.2, Spring v5.3.22
2022-08-03 17:08:56.137  INFO 5524 --- [restartedMain] com.consumer.ConsumerApplication         : No active profile set, falling back to 1 default profile: "default"
2022-08-03 17:08:56.184  INFO 5524 --- [restartedMain] .e.DevToolsPropertyDefaultsPostProcessor : Devtools property defaults active! Set 'spring.devtools.add-properties' to 'false' to disable
2022-08-03 17:08:56.184  INFO 5524 --- [restartedMain] .e.DevToolsPropertyDefaultsPostProcessor : For additional web related logging consider setting the 'logging.level.web' property to 'DEBUG'
2022-08-03 17:08:56.700  INFO 5524 --- [restartedMain] .s.d.r.c.RepositoryConfigurationDelegate : Bootstrapping Spring Data JPA repositories in DEFAULT mode.
2022-08-03 17:08:56.756  INFO 5524 --- [restartedMain] .s.d.r.c.RepositoryConfigurationDelegate : Finished Spring Data repository scanning in 47 ms. Found 1 JPA repository interfaces.
2022-08-03 17:08:57.563  INFO 5524 --- [restartedMain] o.s.b.w.embedded.tomcat.TomcatWebServer  : Tomcat initialized with port(s): 9092 (http)
2022-08-03 17:08:57.572  INFO 5524 --- [restartedMain] o.apache.catalina.core.StandardService   : Starting service [Tomcat]
2022-08-03 17:08:57.572  INFO 5524 --- [restartedMain] org.apache.catalina.core.StandardEngine  : Starting Servlet engine: [Apache Tomcat/9.0.65]
2022-08-03 17:08:57.638  INFO 5524 --- [restartedMain] o.a.c.c.C.[.[.[/catalogservice]          : Initializing Spring embedded WebApplicationContext
2022-08-03 17:08:57.639  INFO 5524 --- [restartedMain] w.s.c.ServletWebServerApplicationContext : Root WebApplicationContext: initialization completed in 1455 ms
2022-08-03 17:08:57.705 DEBUG 5524 --- [restartedMain] com.zaxxer.hikari.HikariConfig           : Driver class com.mysql.cj.jdbc.Driver found in Thread context class loader org.springframework.boot.devtools.restart.classloader.RestartClassLoader@4660d63f
2022-08-03 17:08:57.826  INFO 5524 --- [restartedMain] o.hibernate.jpa.internal.util.LogHelper  : HHH000204: Processing PersistenceUnitInfo [name: default]
2022-08-03 17:08:57.900  INFO 5524 --- [restartedMain] org.hibernate.Version                    : HHH000412: Hibernate ORM core version 5.6.10.Final
2022-08-03 17:08:58.017  INFO 5524 --- [restartedMain] o.hibernate.annotations.common.Version   : HCANN000001: Hibernate Commons Annotations {5.1.2.Final}
2022-08-03 17:08:58.101 DEBUG 5524 --- [restartedMain] com.zaxxer.hikari.HikariConfig           : HikariPool-1 - configuration:
2022-08-03 17:08:58.102 DEBUG 5524 --- [restartedMain] com.zaxxer.hikari.HikariConfig           : allowPoolSuspension................................false
2022-08-03 17:08:58.102 DEBUG 5524 --- [restartedMain] com.zaxxer.hikari.HikariConfig           : autoCommit................................true
2022-08-03 17:08:58.102 DEBUG 5524 --- [restartedMain] com.zaxxer.hikari.HikariConfig           : catalog................................none
2022-08-03 17:08:58.102 DEBUG 5524 --- [restartedMain] com.zaxxer.hikari.HikariConfig           : connectionInitSql................................none
2022-08-03 17:08:58.102 DEBUG 5524 --- [restartedMain] com.zaxxer.hikari.HikariConfig           : connectionTestQuery................................none
2022-08-03 17:08:58.102 DEBUG 5524 --- [restartedMain] com.zaxxer.hikari.HikariConfig           : connectionTimeout................................30000
2022-08-03 17:08:58.102 DEBUG 5524 --- [restartedMain] com.zaxxer.hikari.HikariConfig           : dataSource................................none
2022-08-03 17:08:58.103 DEBUG 5524 --- [restartedMain] com.zaxxer.hikari.HikariConfig           : dataSourceClassName................................none
2022-08-03 17:08:58.103 DEBUG 5524 --- [restartedMain] com.zaxxer.hikari.HikariConfig           : dataSourceJNDI................................none
2022-08-03 17:08:58.103 DEBUG 5524 --- [restartedMain] com.zaxxer.hikari.HikariConfig           : dataSourceProperties................................{password=<masked>}
2022-08-03 17:08:58.103 DEBUG 5524 --- [restartedMain] com.zaxxer.hikari.HikariConfig           : driverClassName................................"com.mysql.cj.jdbc.Driver"
2022-08-03 17:08:58.103 DEBUG 5524 --- [restartedMain] com.zaxxer.hikari.HikariConfig           : exceptionOverrideClassName................................none
2022-08-03 17:08:58.103 DEBUG 5524 --- [restartedMain] com.zaxxer.hikari.HikariConfig           : healthCheckProperties................................{}
2022-08-03 17:08:58.103 DEBUG 5524 --- [restartedMain] com.zaxxer.hikari.HikariConfig           : healthCheckRegistry................................none
2022-08-03 17:08:58.103 DEBUG 5524 --- [restartedMain] com.zaxxer.hikari.HikariConfig           : idleTimeout................................600000
2022-08-03 17:08:58.103 DEBUG 5524 --- [restartedMain] com.zaxxer.hikari.HikariConfig           : initializationFailTimeout................................1
2022-08-03 17:08:58.103 DEBUG 5524 --- [restartedMain] com.zaxxer.hikari.HikariConfig           : isolateInternalQueries................................false
2022-08-03 17:08:58.104 DEBUG 5524 --- [restartedMain] com.zaxxer.hikari.HikariConfig           : jdbcUrl................................jdbc:mysql://localhost:3306/casestudy?useSSL=false
2022-08-03 17:08:58.104 DEBUG 5524 --- [restartedMain] com.zaxxer.hikari.HikariConfig           : keepaliveTime................................0
2022-08-03 17:08:58.104 DEBUG 5524 --- [restartedMain] com.zaxxer.hikari.HikariConfig           : leakDetectionThreshold................................0
2022-08-03 17:08:58.104 DEBUG 5524 --- [restartedMain] com.zaxxer.hikari.HikariConfig           : maxLifetime................................1800000
2022-08-03 17:08:58.104 DEBUG 5524 --- [restartedMain] com.zaxxer.hikari.HikariConfig           : maximumPoolSize................................10
2022-08-03 17:08:58.104 DEBUG 5524 --- [restartedMain] com.zaxxer.hikari.HikariConfig           : metricRegistry................................none
2022-08-03 17:08:58.104 DEBUG 5524 --- [restartedMain] com.zaxxer.hikari.HikariConfig           : metricsTrackerFactory................................none
2022-08-03 17:08:58.104 DEBUG 5524 --- [restartedMain] com.zaxxer.hikari.HikariConfig           : minimumIdle................................10
2022-08-03 17:08:58.104 DEBUG 5524 --- [restartedMain] com.zaxxer.hikari.HikariConfig           : password................................<masked>
2022-08-03 17:08:58.104 DEBUG 5524 --- [restartedMain] com.zaxxer.hikari.HikariConfig           : poolName................................"HikariPool-1"
2022-08-03 17:08:58.104 DEBUG 5524 --- [restartedMain] com.zaxxer.hikari.HikariConfig           : readOnly................................false
2022-08-03 17:08:58.104 DEBUG 5524 --- [restartedMain] com.zaxxer.hikari.HikariConfig           : registerMbeans................................false
2022-08-03 17:08:58.105 DEBUG 5524 --- [restartedMain] com.zaxxer.hikari.HikariConfig           : scheduledExecutor................................none
2022-08-03 17:08:58.105 DEBUG 5524 --- [restartedMain] com.zaxxer.hikari.HikariConfig           : schema................................none
2022-08-03 17:08:58.105 DEBUG 5524 --- [restartedMain] com.zaxxer.hikari.HikariConfig           : threadFactory................................internal
2022-08-03 17:08:58.105 DEBUG 5524 --- [restartedMain] com.zaxxer.hikari.HikariConfig           : transactionIsolation................................default
2022-08-03 17:08:58.105 DEBUG 5524 --- [restartedMain] com.zaxxer.hikari.HikariConfig           : username................................"root"
2022-08-03 17:08:58.105 DEBUG 5524 --- [restartedMain] com.zaxxer.hikari.HikariConfig           : validationTimeout................................5000
2022-08-03 17:08:58.105  INFO 5524 --- [restartedMain] com.zaxxer.hikari.HikariDataSource       : HikariPool-1 - Starting...
2022-08-03 17:08:58.239 DEBUG 5524 --- [restartedMain] com.zaxxer.hikari.pool.HikariPool        : HikariPool-1 - Added connection com.mysql.cj.jdbc.ConnectionImpl@4ddf7826
2022-08-03 17:08:58.240  INFO 5524 --- [restartedMain] com.zaxxer.hikari.HikariDataSource       : HikariPool-1 - Start completed.
2022-08-03 17:08:58.262  INFO 5524 --- [restartedMain] org.hibernate.dialect.Dialect            : HHH000400: Using dialect: org.hibernate.dialect.MySQL8Dialect
2022-08-03 17:08:58.341 DEBUG 5524 --- [HikariPool-1 housekeeper] com.zaxxer.hikari.pool.HikariPool        : HikariPool-1 - Pool stats (total=1, active=0, idle=1, waiting=0)
2022-08-03 17:08:58.346 DEBUG 5524 --- [HikariPool-1 connection adder] com.zaxxer.hikari.pool.HikariPool        : HikariPool-1 - Added connection com.mysql.cj.jdbc.ConnectionImpl@708bba73
2022-08-03 17:08:58.351 DEBUG 5524 --- [HikariPool-1 connection adder] com.zaxxer.hikari.pool.HikariPool        : HikariPool-1 - Added connection com.mysql.cj.jdbc.ConnectionImpl@31b6b048
2022-08-03 17:08:58.355 DEBUG 5524 --- [HikariPool-1 connection adder] com.zaxxer.hikari.pool.HikariPool        : HikariPool-1 - Added connection com.mysql.cj.jdbc.ConnectionImpl@4dc049
2022-08-03 17:08:58.360 DEBUG 5524 --- [HikariPool-1 connection adder] com.zaxxer.hikari.pool.HikariPool        : HikariPool-1 - Added connection com.mysql.cj.jdbc.ConnectionImpl@3934574c
2022-08-03 17:08:58.364 DEBUG 5524 --- [HikariPool-1 connection adder] com.zaxxer.hikari.pool.HikariPool        : HikariPool-1 - Added connection com.mysql.cj.jdbc.ConnectionImpl@4eaded92
2022-08-03 17:08:58.368 DEBUG 5524 --- [HikariPool-1 connection adder] com.zaxxer.hikari.pool.HikariPool        : HikariPool-1 - Added connection com.mysql.cj.jdbc.ConnectionImpl@4ec2d1f6
2022-08-03 17:08:58.373 DEBUG 5524 --- [HikariPool-1 connection adder] com.zaxxer.hikari.pool.HikariPool        : HikariPool-1 - Added connection com.mysql.cj.jdbc.ConnectionImpl@7a598b64
2022-08-03 17:08:58.377 DEBUG 5524 --- [HikariPool-1 connection adder] com.zaxxer.hikari.pool.HikariPool        : HikariPool-1 - Added connection com.mysql.cj.jdbc.ConnectionImpl@1a1f2854
2022-08-03 17:08:58.381 DEBUG 5524 --- [HikariPool-1 connection adder] com.zaxxer.hikari.pool.HikariPool        : HikariPool-1 - Added connection com.mysql.cj.jdbc.ConnectionImpl@30eef6b9
2022-08-03 17:08:58.381 DEBUG 5524 --- [HikariPool-1 connection adder] com.zaxxer.hikari.pool.HikariPool        : HikariPool-1 - After adding stats (total=10, active=0, idle=10, waiting=0)
2022-08-03 17:08:58.781  INFO 5524 --- [restartedMain] o.h.e.t.j.p.i.JtaPlatformInitiator       : HHH000490: Using JtaPlatform implementation: [org.hibernate.engine.transaction.jta.platform.internal.NoJtaPlatform]
2022-08-03 17:08:58.793  INFO 5524 --- [restartedMain] j.LocalContainerEntityManagerFactoryBean : Initialized JPA EntityManagerFactory for persistence unit 'default'
2022-08-03 17:08:59.209  WARN 5524 --- [restartedMain] JpaBaseConfiguration$JpaWebConfiguration : spring.jpa.open-in-view is enabled by default. Therefore, database queries may be performed during view rendering. Explicitly configure spring.jpa.open-in-view to disable this warning
2022-08-03 17:08:59.529  WARN 5524 --- [restartedMain] o.s.b.d.a.OptionalLiveReloadServer       : Unable to start LiveReload server
2022-08-03 17:08:59.565  INFO 5524 --- [restartedMain] o.s.b.w.embedded.tomcat.TomcatWebServer  : Tomcat started on port(s): 9092 (http) with context path '/catalogservice'
2022-08-03 17:08:59.575  INFO 5524 --- [restartedMain] com.consumer.ConsumerApplication         : Started ConsumerApplication in 3.772 seconds (JVM running for 4.128)
2022-08-03 17:09:28.356 DEBUG 5524 --- [HikariPool-1 housekeeper] com.zaxxer.hikari.pool.HikariPool        : HikariPool-1 - Pool stats (total=10, active=0, idle=10, waiting=0)
2022-08-03 17:09:28.357 DEBUG 5524 --- [HikariPool-1 housekeeper] com.zaxxer.hikari.pool.HikariPool        : HikariPool-1 - Fill pool skipped, pool is at sufficient level.
2022-08-03 17:09:58.368 DEBUG 5524 --- [HikariPool-1 housekeeper] com.zaxxer.hikari.pool.HikariPool        : HikariPool-1 - Pool stats (total=10, active=0, idle=10, waiting=0)
2022-08-03 17:09:58.369 DEBUG 5524 --- [HikariPool-1 housekeeper] com.zaxxer.hikari.pool.HikariPool        : HikariPool-1 - Fill pool skipped, pool is at sufficient level.
2022-08-03 17:10:28.378 DEBUG 5524 --- [HikariPool-1 housekeeper] com.zaxxer.hikari.pool.HikariPool        : HikariPool-1 - Pool stats (total=10, active=0, idle=10, waiting=0)
2022-08-03 17:10:28.379 DEBUG 5524 --- [HikariPool-1 housekeeper] com.zaxxer.hikari.pool.HikariPool        : HikariPool-1 - Fill pool skipped, pool is at sufficient level.
2022-08-03 17:10:49.343  INFO 5524 --- [Thread-1] j.LocalContainerEntityManagerFactoryBean : Closing JPA EntityManagerFactory for persistence unit 'default'
2022-08-03 17:10:49.346  INFO 5524 --- [Thread-1] com.zaxxer.hikari.HikariDataSource       : HikariPool-1 - Shutdown initiated...
2022-08-03 17:10:49.346 DEBUG 5524 --- [Thread-1] com.zaxxer.hikari.pool.HikariPool        : HikariPool-1 - Before shutdown stats (total=10, active=0, idle=10, waiting=0)
2022-08-03 17:10:49.346 DEBUG 5524 --- [HikariPool-1 connection closer] com.zaxxer.hikari.pool.PoolBase          : HikariPool-1 - Closing connection com.mysql.cj.jdbc.ConnectionImpl@4ddf7826: (connection evicted)
2022-08-03 17:10:49.352 DEBUG 5524 --- [HikariPool-1 connection closer] com.zaxxer.hikari.pool.PoolBase          : HikariPool-1 - Closing connection com.mysql.cj.jdbc.ConnectionImpl@708bba73: (connection evicted)
2022-08-03 17:10:49.352 DEBUG 5524 --- [HikariPool-1 connection closer] com.zaxxer.hikari.pool.PoolBase          : HikariPool-1 - Closing connection com.mysql.cj.jdbc.ConnectionImpl@31b6b048: (connection evicted)
2022-08-03 17:10:49.353 DEBUG 5524 --- [HikariPool-1 connection closer] com.zaxxer.hikari.pool.PoolBase          : HikariPool-1 - Closing connection com.mysql.cj.jdbc.ConnectionImpl@4dc049: (connection evicted)
2022-08-03 17:10:49.353 DEBUG 5524 --- [HikariPool-1 connection closer] com.zaxxer.hikari.pool.PoolBase          : HikariPool-1 - Closing connection com.mysql.cj.jdbc.ConnectionImpl@3934574c: (connection evicted)
2022-08-03 17:10:49.353 DEBUG 5524 --- [HikariPool-1 connection closer] com.zaxxer.hikari.pool.PoolBase          : HikariPool-1 - Closing connection com.mysql.cj.jdbc.ConnectionImpl@4eaded92: (connection evicted)
2022-08-03 17:10:49.353 DEBUG 5524 --- [HikariPool-1 connection closer] com.zaxxer.hikari.pool.PoolBase          : HikariPool-1 - Closing connection com.mysql.cj.jdbc.ConnectionImpl@4ec2d1f6: (connection evicted)
2022-08-03 17:10:49.353 DEBUG 5524 --- [HikariPool-1 connection closer] com.zaxxer.hikari.pool.PoolBase          : HikariPool-1 - Closing connection com.mysql.cj.jdbc.ConnectionImpl@7a598b64: (connection evicted)
2022-08-03 17:10:49.353 DEBUG 5524 --- [HikariPool-1 connection closer] com.zaxxer.hikari.pool.PoolBase          : HikariPool-1 - Closing connection com.mysql.cj.jdbc.ConnectionImpl@1a1f2854: (connection evicted)
2022-08-03 17:10:49.353 DEBUG 5524 --- [HikariPool-1 connection closer] com.zaxxer.hikari.pool.PoolBase          : HikariPool-1 - Closing connection com.mysql.cj.jdbc.ConnectionImpl@30eef6b9: (connection evicted)
2022-08-03 17:10:49.354 DEBUG 5524 --- [Thread-1] com.zaxxer.hikari.pool.HikariPool        : HikariPool-1 - After shutdown stats (total=0, active=0, idle=0, waiting=0)
2022-08-03 17:10:49.355  INFO 5524 --- [Thread-1] com.zaxxer.hikari.HikariDataSource       : HikariPool-1 - Shutdown completed.
2022-08-03 17:10:49.492  INFO 5524 --- [restartedMain] com.consumer.ConsumerApplication         : Starting ConsumerApplication using Java 1.8.0_301 on STGILT-NEW-68 with PID 5524 (C:\Users\jasonkarunakarand\Downloads\consumer\consumer\target\classes started by jasonkarunakarand in C:\Users\jasonkarunakarand\Downloads\consumer\consumer)
2022-08-03 17:10:49.493 DEBUG 5524 --- [restartedMain] com.consumer.ConsumerApplication         : Running with Spring Boot v2.7.2, Spring v5.3.22
2022-08-03 17:10:49.493  INFO 5524 --- [restartedMain] com.consumer.ConsumerApplication         : No active profile set, falling back to 1 default profile: "default"
2022-08-03 17:10:49.658  INFO 5524 --- [restartedMain] .s.d.r.c.RepositoryConfigurationDelegate : Bootstrapping Spring Data JPA repositories in DEFAULT mode.
2022-08-03 17:10:49.667  INFO 5524 --- [restartedMain] .s.d.r.c.RepositoryConfigurationDelegate : Finished Spring Data repository scanning in 8 ms. Found 1 JPA repository interfaces.
2022-08-03 17:10:49.774  INFO 5524 --- [restartedMain] o.s.b.w.embedded.tomcat.TomcatWebServer  : Tomcat initialized with port(s): 9092 (http)
2022-08-03 17:10:49.775  INFO 5524 --- [restartedMain] o.apache.catalina.core.StandardService   : Starting service [Tomcat]
2022-08-03 17:10:49.775  INFO 5524 --- [restartedMain] org.apache.catalina.core.StandardEngine  : Starting Servlet engine: [Apache Tomcat/9.0.65]
2022-08-03 17:10:49.787  INFO 5524 --- [restartedMain] o.a.c.c.C.[.[.[/catalogservice]          : Initializing Spring embedded WebApplicationContext
2022-08-03 17:10:49.787  INFO 5524 --- [restartedMain] w.s.c.ServletWebServerApplicationContext : Root WebApplicationContext: initialization completed in 291 ms
2022-08-03 17:10:49.802 DEBUG 5524 --- [restartedMain] com.zaxxer.hikari.HikariConfig           : Driver class com.mysql.cj.jdbc.Driver found in Thread context class loader org.springframework.boot.devtools.restart.classloader.RestartClassLoader@3192140
2022-08-03 17:10:49.819  INFO 5524 --- [restartedMain] o.hibernate.jpa.internal.util.LogHelper  : HHH000204: Processing PersistenceUnitInfo [name: default]
2022-08-03 17:10:49.822 DEBUG 5524 --- [restartedMain] com.zaxxer.hikari.HikariConfig           : HikariPool-2 - configuration:
2022-08-03 17:10:49.823 DEBUG 5524 --- [restartedMain] com.zaxxer.hikari.HikariConfig           : allowPoolSuspension................................false
2022-08-03 17:10:49.823 DEBUG 5524 --- [restartedMain] com.zaxxer.hikari.HikariConfig           : autoCommit................................true
2022-08-03 17:10:49.823 DEBUG 5524 --- [restartedMain] com.zaxxer.hikari.HikariConfig           : catalog................................none
2022-08-03 17:10:49.823 DEBUG 5524 --- [restartedMain] com.zaxxer.hikari.HikariConfig           : connectionInitSql................................none
2022-08-03 17:10:49.823 DEBUG 5524 --- [restartedMain] com.zaxxer.hikari.HikariConfig           : connectionTestQuery................................none
2022-08-03 17:10:49.823 DEBUG 5524 --- [restartedMain] com.zaxxer.hikari.HikariConfig           : connectionTimeout................................30000
2022-08-03 17:10:49.823 DEBUG 5524 --- [restartedMain] com.zaxxer.hikari.HikariConfig           : dataSource................................none
2022-08-03 17:10:49.823 DEBUG 5524 --- [restartedMain] com.zaxxer.hikari.HikariConfig           : dataSourceClassName................................none
2022-08-03 17:10:49.823 DEBUG 5524 --- [restartedMain] com.zaxxer.hikari.HikariConfig           : dataSourceJNDI................................none
2022-08-03 17:10:49.823 DEBUG 5524 --- [restartedMain] com.zaxxer.hikari.HikariConfig           : dataSourceProperties................................{password=<masked>}
2022-08-03 17:10:49.823 DEBUG 5524 --- [restartedMain] com.zaxxer.hikari.HikariConfig           : driverClassName................................"com.mysql.cj.jdbc.Driver"
2022-08-03 17:10:49.823 DEBUG 5524 --- [restartedMain] com.zaxxer.hikari.HikariConfig           : exceptionOverrideClassName................................none
2022-08-03 17:10:49.823 DEBUG 5524 --- [restartedMain] com.zaxxer.hikari.HikariConfig           : healthCheckProperties................................{}
2022-08-03 17:10:49.824 DEBUG 5524 --- [restartedMain] com.zaxxer.hikari.HikariConfig           : healthCheckRegistry................................none
2022-08-03 17:10:49.824 DEBUG 5524 --- [restartedMain] com.zaxxer.hikari.HikariConfig           : idleTimeout................................600000
2022-08-03 17:10:49.824 DEBUG 5524 --- [restartedMain] com.zaxxer.hikari.HikariConfig           : initializationFailTimeout................................1
2022-08-03 17:10:49.824 DEBUG 5524 --- [restartedMain] com.zaxxer.hikari.HikariConfig           : isolateInternalQueries................................false
2022-08-03 17:10:49.824 DEBUG 5524 --- [restartedMain] com.zaxxer.hikari.HikariConfig           : jdbcUrl................................jdbc:mysql://localhost:3306/casestudy?useSSL=false
2022-08-03 17:10:49.824 DEBUG 5524 --- [restartedMain] com.zaxxer.hikari.HikariConfig           : keepaliveTime................................0
2022-08-03 17:10:49.824 DEBUG 5524 --- [restartedMain] com.zaxxer.hikari.HikariConfig           : leakDetectionThreshold................................0
2022-08-03 17:10:49.824 DEBUG 5524 --- [restartedMain] com.zaxxer.hikari.HikariConfig           : maxLifetime................................1800000
2022-08-03 17:10:49.824 DEBUG 5524 --- [restartedMain] com.zaxxer.hikari.HikariConfig           : maximumPoolSize................................10
2022-08-03 17:10:49.824 DEBUG 5524 --- [restartedMain] com.zaxxer.hikari.HikariConfig           : metricRegistry................................none
2022-08-03 17:10:49.824 DEBUG 5524 --- [restartedMain] com.zaxxer.hikari.HikariConfig           : metricsTrackerFactory................................none
2022-08-03 17:10:49.824 DEBUG 5524 --- [restartedMain] com.zaxxer.hikari.HikariConfig           : minimumIdle................................10
2022-08-03 17:10:49.824 DEBUG 5524 --- [restartedMain] com.zaxxer.hikari.HikariConfig           : password................................<masked>
2022-08-03 17:10:49.824 DEBUG 5524 --- [restartedMain] com.zaxxer.hikari.HikariConfig           : poolName................................"HikariPool-2"
2022-08-03 17:10:49.824 DEBUG 5524 --- [restartedMain] com.zaxxer.hikari.HikariConfig           : readOnly................................false
2022-08-03 17:10:49.825 DEBUG 5524 --- [restartedMain] com.zaxxer.hikari.HikariConfig           : registerMbeans................................false
2022-08-03 17:10:49.825 DEBUG 5524 --- [restartedMain] com.zaxxer.hikari.HikariConfig           : scheduledExecutor................................none
2022-08-03 17:10:49.825 DEBUG 5524 --- [restartedMain] com.zaxxer.hikari.HikariConfig           : schema................................none
2022-08-03 17:10:49.825 DEBUG 5524 --- [restartedMain] com.zaxxer.hikari.HikariConfig           : threadFactory................................internal
2022-08-03 17:10:49.825 DEBUG 5524 --- [restartedMain] com.zaxxer.hikari.HikariConfig           : transactionIsolation................................default
2022-08-03 17:10:49.825 DEBUG 5524 --- [restartedMain] com.zaxxer.hikari.HikariConfig           : username................................"root"
2022-08-03 17:10:49.825 DEBUG 5524 --- [restartedMain] com.zaxxer.hikari.HikariConfig           : validationTimeout................................5000
2022-08-03 17:10:49.825  INFO 5524 --- [restartedMain] com.zaxxer.hikari.HikariDataSource       : HikariPool-2 - Starting...
2022-08-03 17:10:49.833 DEBUG 5524 --- [restartedMain] com.zaxxer.hikari.pool.HikariPool        : HikariPool-2 - Added connection com.mysql.cj.jdbc.ConnectionImpl@4d504015
2022-08-03 17:10:49.833  INFO 5524 --- [restartedMain] com.zaxxer.hikari.HikariDataSource       : HikariPool-2 - Start completed.
2022-08-03 17:10:49.833  INFO 5524 --- [restartedMain] org.hibernate.dialect.Dialect            : HHH000400: Using dialect: org.hibernate.dialect.MySQL8Dialect
2022-08-03 17:10:49.863  INFO 5524 --- [restartedMain] o.h.e.t.j.p.i.JtaPlatformInitiator       : HHH000490: Using JtaPlatform implementation: [org.hibernate.engine.transaction.jta.platform.internal.NoJtaPlatform]
2022-08-03 17:10:49.863  INFO 5524 --- [restartedMain] j.LocalContainerEntityManagerFactoryBean : Initialized JPA EntityManagerFactory for persistence unit 'default'
2022-08-03 17:10:49.936 DEBUG 5524 --- [HikariPool-2 housekeeper] com.zaxxer.hikari.pool.HikariPool        : HikariPool-2 - Pool stats (total=1, active=0, idle=1, waiting=0)
2022-08-03 17:10:49.939  WARN 5524 --- [restartedMain] JpaBaseConfiguration$JpaWebConfiguration : spring.jpa.open-in-view is enabled by default. Therefore, database queries may be performed during view rendering. Explicitly configure spring.jpa.open-in-view to disable this warning
2022-08-03 17:10:49.942 DEBUG 5524 --- [HikariPool-2 connection adder] com.zaxxer.hikari.pool.HikariPool        : HikariPool-2 - Added connection com.mysql.cj.jdbc.ConnectionImpl@480c9d91
2022-08-03 17:10:49.946 DEBUG 5524 --- [HikariPool-2 connection adder] com.zaxxer.hikari.pool.HikariPool        : HikariPool-2 - Added connection com.mysql.cj.jdbc.ConnectionImpl@93197aa
2022-08-03 17:10:49.951 DEBUG 5524 --- [HikariPool-2 connection adder] com.zaxxer.hikari.pool.HikariPool        : HikariPool-2 - Added connection com.mysql.cj.jdbc.ConnectionImpl@38f2580c
2022-08-03 17:10:49.956 DEBUG 5524 --- [HikariPool-2 connection adder] com.zaxxer.hikari.pool.HikariPool        : HikariPool-2 - Added connection com.mysql.cj.jdbc.ConnectionImpl@691e68e5
2022-08-03 17:10:49.962 DEBUG 5524 --- [HikariPool-2 connection adder] com.zaxxer.hikari.pool.HikariPool        : HikariPool-2 - Added connection com.mysql.cj.jdbc.ConnectionImpl@7793621d
2022-08-03 17:10:49.967 DEBUG 5524 --- [HikariPool-2 connection adder] com.zaxxer.hikari.pool.HikariPool        : HikariPool-2 - Added connection com.mysql.cj.jdbc.ConnectionImpl@2e8ee1ea
2022-08-03 17:10:49.972 DEBUG 5524 --- [HikariPool-2 connection adder] com.zaxxer.hikari.pool.HikariPool        : HikariPool-2 - Added connection com.mysql.cj.jdbc.ConnectionImpl@6b9426f9
2022-08-03 17:10:49.976 DEBUG 5524 --- [HikariPool-2 connection adder] com.zaxxer.hikari.pool.HikariPool        : HikariPool-2 - Added connection com.mysql.cj.jdbc.ConnectionImpl@5cd8c41f
2022-08-03 17:10:49.981 DEBUG 5524 --- [HikariPool-2 connection adder] com.zaxxer.hikari.pool.HikariPool        : HikariPool-2 - Added connection com.mysql.cj.jdbc.ConnectionImpl@48e832e5
2022-08-03 17:10:49.982 DEBUG 5524 --- [HikariPool-2 connection adder] com.zaxxer.hikari.pool.HikariPool        : HikariPool-2 - After adding stats (total=10, active=0, idle=10, waiting=0)
2022-08-03 17:10:50.038  WARN 5524 --- [restartedMain] o.s.b.d.a.OptionalLiveReloadServer       : Unable to start LiveReload server
2022-08-03 17:10:50.058  INFO 5524 --- [restartedMain] o.s.b.w.embedded.tomcat.TomcatWebServer  : Tomcat started on port(s): 9092 (http) with context path '/catalogservice'
2022-08-03 17:10:50.063  INFO 5524 --- [restartedMain] com.consumer.ConsumerApplication         : Started ConsumerApplication in 0.613 seconds (JVM running for 114.605)
2022-08-03 17:10:50.066  INFO 5524 --- [restartedMain] .ConditionEvaluationDeltaLoggingListener : Condition evaluation unchanged
2022-08-03 17:11:25.095  INFO 21028 --- [restartedMain] com.consumer.ConsumerApplication         : Starting ConsumerApplication using Java 1.8.0_301 on STGILT-NEW-68 with PID 21028 (C:\Users\jasonkarunakarand\Downloads\consumer\consumer\target\classes started by jasonkarunakarand in C:\Users\jasonkarunakarand\Downloads\consumer\consumer)
2022-08-03 17:11:25.096 DEBUG 21028 --- [restartedMain] com.consumer.ConsumerApplication         : Running with Spring Boot v2.7.2, Spring v5.3.22
2022-08-03 17:11:25.097  INFO 21028 --- [restartedMain] com.consumer.ConsumerApplication         : No active profile set, falling back to 1 default profile: "default"
2022-08-03 17:11:25.143  INFO 21028 --- [restartedMain] .e.DevToolsPropertyDefaultsPostProcessor : Devtools property defaults active! Set 'spring.devtools.add-properties' to 'false' to disable
2022-08-03 17:11:25.143  INFO 21028 --- [restartedMain] .e.DevToolsPropertyDefaultsPostProcessor : For additional web related logging consider setting the 'logging.level.web' property to 'DEBUG'
2022-08-03 17:11:25.714  INFO 21028 --- [restartedMain] .s.d.r.c.RepositoryConfigurationDelegate : Bootstrapping Spring Data JPA repositories in DEFAULT mode.
2022-08-03 17:11:25.762  INFO 21028 --- [restartedMain] .s.d.r.c.RepositoryConfigurationDelegate : Finished Spring Data repository scanning in 37 ms. Found 1 JPA repository interfaces.
2022-08-03 17:11:26.549  INFO 21028 --- [restartedMain] o.s.b.w.embedded.tomcat.TomcatWebServer  : Tomcat initialized with port(s): 9092 (http)
2022-08-03 17:11:26.557  INFO 21028 --- [restartedMain] o.apache.catalina.core.StandardService   : Starting service [Tomcat]
2022-08-03 17:11:26.557  INFO 21028 --- [restartedMain] org.apache.catalina.core.StandardEngine  : Starting Servlet engine: [Apache Tomcat/9.0.65]
2022-08-03 17:11:26.616  INFO 21028 --- [restartedMain] o.a.c.c.C.[.[.[/catalogservice]          : Initializing Spring embedded WebApplicationContext
2022-08-03 17:11:26.616  INFO 21028 --- [restartedMain] w.s.c.ServletWebServerApplicationContext : Root WebApplicationContext: initialization completed in 1472 ms
2022-08-03 17:11:26.678 DEBUG 21028 --- [restartedMain] com.zaxxer.hikari.HikariConfig           : Driver class com.mysql.cj.jdbc.Driver found in Thread context class loader org.springframework.boot.devtools.restart.classloader.RestartClassLoader@294a8a23
2022-08-03 17:11:26.802  INFO 21028 --- [restartedMain] o.hibernate.jpa.internal.util.LogHelper  : HHH000204: Processing PersistenceUnitInfo [name: default]
2022-08-03 17:11:26.902  INFO 21028 --- [restartedMain] org.hibernate.Version                    : HHH000412: Hibernate ORM core version 5.6.10.Final
2022-08-03 17:11:27.048  INFO 21028 --- [restartedMain] o.hibernate.annotations.common.Version   : HCANN000001: Hibernate Commons Annotations {5.1.2.Final}
2022-08-03 17:11:27.129 DEBUG 21028 --- [restartedMain] com.zaxxer.hikari.HikariConfig           : HikariPool-1 - configuration:
2022-08-03 17:11:27.130 DEBUG 21028 --- [restartedMain] com.zaxxer.hikari.HikariConfig           : allowPoolSuspension................................false
2022-08-03 17:11:27.130 DEBUG 21028 --- [restartedMain] com.zaxxer.hikari.HikariConfig           : autoCommit................................true
2022-08-03 17:11:27.130 DEBUG 21028 --- [restartedMain] com.zaxxer.hikari.HikariConfig           : catalog................................none
2022-08-03 17:11:27.130 DEBUG 21028 --- [restartedMain] com.zaxxer.hikari.HikariConfig           : connectionInitSql................................none
2022-08-03 17:11:27.130 DEBUG 21028 --- [restartedMain] com.zaxxer.hikari.HikariConfig           : connectionTestQuery................................none
2022-08-03 17:11:27.130 DEBUG 21028 --- [restartedMain] com.zaxxer.hikari.HikariConfig           : connectionTimeout................................30000
2022-08-03 17:11:27.130 DEBUG 21028 --- [restartedMain] com.zaxxer.hikari.HikariConfig           : dataSource................................none
2022-08-03 17:11:27.131 DEBUG 21028 --- [restartedMain] com.zaxxer.hikari.HikariConfig           : dataSourceClassName................................none
2022-08-03 17:11:27.131 DEBUG 21028 --- [restartedMain] com.zaxxer.hikari.HikariConfig           : dataSourceJNDI................................none
2022-08-03 17:11:27.131 DEBUG 21028 --- [restartedMain] com.zaxxer.hikari.HikariConfig           : dataSourceProperties................................{password=<masked>}
2022-08-03 17:11:27.131 DEBUG 21028 --- [restartedMain] com.zaxxer.hikari.HikariConfig           : driverClassName................................"com.mysql.cj.jdbc.Driver"
2022-08-03 17:11:27.131 DEBUG 21028 --- [restartedMain] com.zaxxer.hikari.HikariConfig           : exceptionOverrideClassName................................none
2022-08-03 17:11:27.131 DEBUG 21028 --- [restartedMain] com.zaxxer.hikari.HikariConfig           : healthCheckProperties................................{}
2022-08-03 17:11:27.131 DEBUG 21028 --- [restartedMain] com.zaxxer.hikari.HikariConfig           : healthCheckRegistry................................none
2022-08-03 17:11:27.131 DEBUG 21028 --- [restartedMain] com.zaxxer.hikari.HikariConfig           : idleTimeout................................600000
2022-08-03 17:11:27.132 DEBUG 21028 --- [restartedMain] com.zaxxer.hikari.HikariConfig           : initializationFailTimeout................................1
2022-08-03 17:11:27.132 DEBUG 21028 --- [restartedMain] com.zaxxer.hikari.HikariConfig           : isolateInternalQueries................................false
2022-08-03 17:11:27.132 DEBUG 21028 --- [restartedMain] com.zaxxer.hikari.HikariConfig           : jdbcUrl................................jdbc:mysql://localhost:3306/casestudy?useSSL=false
2022-08-03 17:11:27.132 DEBUG 21028 --- [restartedMain] com.zaxxer.hikari.HikariConfig           : keepaliveTime................................0
2022-08-03 17:11:27.132 DEBUG 21028 --- [restartedMain] com.zaxxer.hikari.HikariConfig           : leakDetectionThreshold................................0
2022-08-03 17:11:27.132 DEBUG 21028 --- [restartedMain] com.zaxxer.hikari.HikariConfig           : maxLifetime................................1800000
2022-08-03 17:11:27.132 DEBUG 21028 --- [restartedMain] com.zaxxer.hikari.HikariConfig           : maximumPoolSize................................10
2022-08-03 17:11:27.132 DEBUG 21028 --- [restartedMain] com.zaxxer.hikari.HikariConfig           : metricRegistry................................none
2022-08-03 17:11:27.132 DEBUG 21028 --- [restartedMain] com.zaxxer.hikari.HikariConfig           : metricsTrackerFactory................................none
2022-08-03 17:11:27.133 DEBUG 21028 --- [restartedMain] com.zaxxer.hikari.HikariConfig           : minimumIdle................................10
2022-08-03 17:11:27.133 DEBUG 21028 --- [restartedMain] com.zaxxer.hikari.HikariConfig           : password................................<masked>
2022-08-03 17:11:27.133 DEBUG 21028 --- [restartedMain] com.zaxxer.hikari.HikariConfig           : poolName................................"HikariPool-1"
2022-08-03 17:11:27.133 DEBUG 21028 --- [restartedMain] com.zaxxer.hikari.HikariConfig           : readOnly................................false
2022-08-03 17:11:27.133 DEBUG 21028 --- [restartedMain] com.zaxxer.hikari.HikariConfig           : registerMbeans................................false
2022-08-03 17:11:27.133 DEBUG 21028 --- [restartedMain] com.zaxxer.hikari.HikariConfig           : scheduledExecutor................................none
2022-08-03 17:11:27.134 DEBUG 21028 --- [restartedMain] com.zaxxer.hikari.HikariConfig           : schema................................none
2022-08-03 17:11:27.134 DEBUG 21028 --- [restartedMain] com.zaxxer.hikari.HikariConfig           : threadFactory................................internal
2022-08-03 17:11:27.134 DEBUG 21028 --- [restartedMain] com.zaxxer.hikari.HikariConfig           : transactionIsolation................................default
2022-08-03 17:11:27.134 DEBUG 21028 --- [restartedMain] com.zaxxer.hikari.HikariConfig           : username................................"root"
2022-08-03 17:11:27.134 DEBUG 21028 --- [restartedMain] com.zaxxer.hikari.HikariConfig           : validationTimeout................................5000
2022-08-03 17:11:27.134  INFO 21028 --- [restartedMain] com.zaxxer.hikari.HikariDataSource       : HikariPool-1 - Starting...
2022-08-03 17:11:27.269 DEBUG 21028 --- [restartedMain] com.zaxxer.hikari.pool.HikariPool        : HikariPool-1 - Added connection com.mysql.cj.jdbc.ConnectionImpl@105cd9bd
2022-08-03 17:11:27.270  INFO 21028 --- [restartedMain] com.zaxxer.hikari.HikariDataSource       : HikariPool-1 - Start completed.
2022-08-03 17:11:27.292  INFO 21028 --- [restartedMain] org.hibernate.dialect.Dialect            : HHH000400: Using dialect: org.hibernate.dialect.MySQL8Dialect
2022-08-03 17:11:27.385 DEBUG 21028 --- [HikariPool-1 housekeeper] com.zaxxer.hikari.pool.HikariPool        : HikariPool-1 - Pool stats (total=1, active=0, idle=1, waiting=0)
2022-08-03 17:11:27.390 DEBUG 21028 --- [HikariPool-1 connection adder] com.zaxxer.hikari.pool.HikariPool        : HikariPool-1 - Added connection com.mysql.cj.jdbc.ConnectionImpl@267c8b87
2022-08-03 17:11:27.394 DEBUG 21028 --- [HikariPool-1 connection adder] com.zaxxer.hikari.pool.HikariPool        : HikariPool-1 - Added connection com.mysql.cj.jdbc.ConnectionImpl@674181bc
2022-08-03 17:11:27.399 DEBUG 21028 --- [HikariPool-1 connection adder] com.zaxxer.hikari.pool.HikariPool        : HikariPool-1 - Added connection com.mysql.cj.jdbc.ConnectionImpl@566cc071
2022-08-03 17:11:27.404 DEBUG 21028 --- [HikariPool-1 connection adder] com.zaxxer.hikari.pool.HikariPool        : HikariPool-1 - Added connection com.mysql.cj.jdbc.ConnectionImpl@61089f3b
2022-08-03 17:11:27.410 DEBUG 21028 --- [HikariPool-1 connection adder] com.zaxxer.hikari.pool.HikariPool        : HikariPool-1 - Added connection com.mysql.cj.jdbc.ConnectionImpl@774de4c8
2022-08-03 17:11:27.415 DEBUG 21028 --- [HikariPool-1 connection adder] com.zaxxer.hikari.pool.HikariPool        : HikariPool-1 - Added connection com.mysql.cj.jdbc.ConnectionImpl@2674332c
2022-08-03 17:11:27.420 DEBUG 21028 --- [HikariPool-1 connection adder] com.zaxxer.hikari.pool.HikariPool        : HikariPool-1 - Added connection com.mysql.cj.jdbc.ConnectionImpl@55939d1e
2022-08-03 17:11:27.425 DEBUG 21028 --- [HikariPool-1 connection adder] com.zaxxer.hikari.pool.HikariPool        : HikariPool-1 - Added connection com.mysql.cj.jdbc.ConnectionImpl@6b45a364
2022-08-03 17:11:27.429 DEBUG 21028 --- [HikariPool-1 connection adder] com.zaxxer.hikari.pool.HikariPool        : HikariPool-1 - Added connection com.mysql.cj.jdbc.ConnectionImpl@1d8f3eff
2022-08-03 17:11:27.430 DEBUG 21028 --- [HikariPool-1 connection adder] com.zaxxer.hikari.pool.HikariPool        : HikariPool-1 - After adding stats (total=10, active=0, idle=10, waiting=0)
2022-08-03 17:11:27.912  INFO 21028 --- [restartedMain] o.h.e.t.j.p.i.JtaPlatformInitiator       : HHH000490: Using JtaPlatform implementation: [org.hibernate.engine.transaction.jta.platform.internal.NoJtaPlatform]
2022-08-03 17:11:27.921  INFO 21028 --- [restartedMain] j.LocalContainerEntityManagerFactoryBean : Initialized JPA EntityManagerFactory for persistence unit 'default'
2022-08-03 17:11:28.361  WARN 21028 --- [restartedMain] JpaBaseConfiguration$JpaWebConfiguration : spring.jpa.open-in-view is enabled by default. Therefore, database queries may be performed during view rendering. Explicitly configure spring.jpa.open-in-view to disable this warning
2022-08-03 17:11:28.713  WARN 21028 --- [restartedMain] o.s.b.d.a.OptionalLiveReloadServer       : Unable to start LiveReload server
2022-08-03 17:11:28.747  INFO 21028 --- [restartedMain] o.s.b.w.embedded.tomcat.TomcatWebServer  : Tomcat started on port(s): 9092 (http) with context path '/catalogservice'
2022-08-03 17:11:28.757  INFO 21028 --- [restartedMain] com.consumer.ConsumerApplication         : Started ConsumerApplication in 3.996 seconds (JVM running for 4.363)
2022-08-03 17:11:57.396 DEBUG 21028 --- [HikariPool-1 housekeeper] com.zaxxer.hikari.pool.HikariPool        : HikariPool-1 - Pool stats (total=10, active=0, idle=10, waiting=0)
2022-08-03 17:11:57.397 DEBUG 21028 --- [HikariPool-1 housekeeper] com.zaxxer.hikari.pool.HikariPool        : HikariPool-1 - Fill pool skipped, pool is at sufficient level.
2022-08-03 17:12:27.408 DEBUG 21028 --- [HikariPool-1 housekeeper] com.zaxxer.hikari.pool.HikariPool        : HikariPool-1 - Pool stats (total=10, active=0, idle=10, waiting=0)
2022-08-03 17:12:27.409 DEBUG 21028 --- [HikariPool-1 housekeeper] com.zaxxer.hikari.pool.HikariPool        : HikariPool-1 - Fill pool skipped, pool is at sufficient level.
2022-08-03 17:12:57.425 DEBUG 21028 --- [HikariPool-1 housekeeper] com.zaxxer.hikari.pool.HikariPool        : HikariPool-1 - Pool stats (total=10, active=0, idle=10, waiting=0)
2022-08-03 17:12:57.425 DEBUG 21028 --- [HikariPool-1 housekeeper] com.zaxxer.hikari.pool.HikariPool        : HikariPool-1 - Fill pool skipped, pool is at sufficient level.
2022-08-03 17:13:27.438 DEBUG 21028 --- [HikariPool-1 housekeeper] com.zaxxer.hikari.pool.HikariPool        : HikariPool-1 - Pool stats (total=10, active=0, idle=10, waiting=0)
2022-08-03 17:13:27.439 DEBUG 21028 --- [HikariPool-1 housekeeper] com.zaxxer.hikari.pool.HikariPool        : HikariPool-1 - Fill pool skipped, pool is at sufficient level.
2022-08-03 17:13:57.455 DEBUG 21028 --- [HikariPool-1 housekeeper] com.zaxxer.hikari.pool.HikariPool        : HikariPool-1 - Pool stats (total=10, active=0, idle=10, waiting=0)
2022-08-03 17:13:57.456 DEBUG 21028 --- [HikariPool-1 housekeeper] com.zaxxer.hikari.pool.HikariPool        : HikariPool-1 - Fill pool skipped, pool is at sufficient level.
2022-08-03 17:14:27.463 DEBUG 21028 --- [HikariPool-1 housekeeper] com.zaxxer.hikari.pool.HikariPool        : HikariPool-1 - Pool stats (total=10, active=0, idle=10, waiting=0)
2022-08-03 17:14:27.464 DEBUG 21028 --- [HikariPool-1 housekeeper] com.zaxxer.hikari.pool.HikariPool        : HikariPool-1 - Fill pool skipped, pool is at sufficient level.
2022-08-03 17:14:57.467 DEBUG 21028 --- [HikariPool-1 housekeeper] com.zaxxer.hikari.pool.HikariPool        : HikariPool-1 - Pool stats (total=10, active=0, idle=10, waiting=0)
2022-08-03 17:14:57.468 DEBUG 21028 --- [HikariPool-1 housekeeper] com.zaxxer.hikari.pool.HikariPool        : HikariPool-1 - Fill pool skipped, pool is at sufficient level.
2022-08-03 17:15:27.473 DEBUG 21028 --- [HikariPool-1 housekeeper] com.zaxxer.hikari.pool.HikariPool        : HikariPool-1 - Pool stats (total=10, active=0, idle=10, waiting=0)
2022-08-03 17:15:27.473 DEBUG 21028 --- [HikariPool-1 housekeeper] com.zaxxer.hikari.pool.HikariPool        : HikariPool-1 - Fill pool skipped, pool is at sufficient level.
2022-08-03 17:15:57.489 DEBUG 21028 --- [HikariPool-1 housekeeper] com.zaxxer.hikari.pool.HikariPool        : HikariPool-1 - Pool stats (total=10, active=0, idle=10, waiting=0)
2022-08-03 17:15:57.490 DEBUG 21028 --- [HikariPool-1 housekeeper] com.zaxxer.hikari.pool.HikariPool        : HikariPool-1 - Fill pool skipped, pool is at sufficient level.
2022-08-03 17:16:27.495 DEBUG 21028 --- [HikariPool-1 housekeeper] com.zaxxer.hikari.pool.HikariPool        : HikariPool-1 - Pool stats (total=10, active=0, idle=10, waiting=0)
2022-08-03 17:16:27.496 DEBUG 21028 --- [HikariPool-1 housekeeper] com.zaxxer.hikari.pool.HikariPool        : HikariPool-1 - Fill pool skipped, pool is at sufficient level.
2022-08-03 17:16:30.881  INFO 21028 --- [http-nio-9092-exec-1] o.a.c.c.C.[.[.[/catalogservice]          : Initializing Spring DispatcherServlet 'dispatcherServlet'
2022-08-03 17:16:30.881  INFO 21028 --- [http-nio-9092-exec-1] o.s.web.servlet.DispatcherServlet        : Initializing Servlet 'dispatcherServlet'
2022-08-03 17:16:30.884  INFO 21028 --- [http-nio-9092-exec-1] o.s.web.servlet.DispatcherServlet        : Completed initialization in 3 ms
2022-08-03 17:16:31.188 ERROR 21028 --- [http-nio-9092-exec-1] o.a.c.c.C.[.[.[.[dispatcherServlet]      : Servlet.service() for servlet [dispatcherServlet] in context with path [/catalogservice] threw exception [Request processing failed; nested exception is java.lang.NullPointerException] with root cause

java.lang.NullPointerException: null
	at com.consumer.service.ProductServiceImpl.readProductByCode(ProductServiceImpl.java:70) ~[classes/:na]
	at com.consumer.controller.Consumer.productByCode(Consumer.java:27) ~[classes/:na]
	at sun.reflect.NativeMethodAccessorImpl.invoke0(Native Method) ~[na:1.8.0_301]
	at sun.reflect.NativeMethodAccessorImpl.invoke(Unknown Source) ~[na:1.8.0_301]
	at sun.reflect.DelegatingMethodAccessorImpl.invoke(Unknown Source) ~[na:1.8.0_301]
	at java.lang.reflect.Method.invoke(Unknown Source) ~[na:1.8.0_301]
	at org.springframework.web.method.support.InvocableHandlerMethod.doInvoke(InvocableHandlerMethod.java:205) ~[spring-web-5.3.22.jar:5.3.22]
	at org.springframework.web.method.support.InvocableHandlerMethod.invokeForRequest(InvocableHandlerMethod.java:150) ~[spring-web-5.3.22.jar:5.3.22]
	at org.springframework.web.servlet.mvc.method.annotation.ServletInvocableHandlerMethod.invokeAndHandle(ServletInvocableHandlerMethod.java:117) ~[spring-webmvc-5.3.22.jar:5.3.22]
	at org.springframework.web.servlet.mvc.method.annotation.RequestMappingHandlerAdapter.invokeHandlerMethod(RequestMappingHandlerAdapter.java:895) ~[spring-webmvc-5.3.22.jar:5.3.22]
	at org.springframework.web.servlet.mvc.method.annotation.RequestMappingHandlerAdapter.handleInternal(RequestMappingHandlerAdapter.java:808) ~[spring-webmvc-5.3.22.jar:5.3.22]
	at org.springframework.web.servlet.mvc.method.AbstractHandlerMethodAdapter.handle(AbstractHandlerMethodAdapter.java:87) ~[spring-webmvc-5.3.22.jar:5.3.22]
	at org.springframework.web.servlet.DispatcherServlet.doDispatch(DispatcherServlet.java:1070) ~[spring-webmvc-5.3.22.jar:5.3.22]
	at org.springframework.web.servlet.DispatcherServlet.doService(DispatcherServlet.java:963) ~[spring-webmvc-5.3.22.jar:5.3.22]
	at org.springframework.web.servlet.FrameworkServlet.processRequest(FrameworkServlet.java:1006) ~[spring-webmvc-5.3.22.jar:5.3.22]
	at org.springframework.web.servlet.FrameworkServlet.doGet(FrameworkServlet.java:898) ~[spring-webmvc-5.3.22.jar:5.3.22]
	at javax.servlet.http.HttpServlet.service(HttpServlet.java:655) ~[tomcat-embed-core-9.0.65.jar:4.0.FR]
	at org.springframework.web.servlet.FrameworkServlet.service(FrameworkServlet.java:883) ~[spring-webmvc-5.3.22.jar:5.3.22]
	at javax.servlet.http.HttpServlet.service(HttpServlet.java:764) ~[tomcat-embed-core-9.0.65.jar:4.0.FR]
	at org.apache.catalina.core.ApplicationFilterChain.internalDoFilter(ApplicationFilterChain.java:227) ~[tomcat-embed-core-9.0.65.jar:9.0.65]
	at org.apache.catalina.core.ApplicationFilterChain.doFilter(ApplicationFilterChain.java:162) ~[tomcat-embed-core-9.0.65.jar:9.0.65]
	at org.apache.tomcat.websocket.server.WsFilter.doFilter(WsFilter.java:53) ~[tomcat-embed-websocket-9.0.65.jar:9.0.65]
	at org.apache.catalina.core.ApplicationFilterChain.internalDoFilter(ApplicationFilterChain.java:189) ~[tomcat-embed-core-9.0.65.jar:9.0.65]
	at org.apache.catalina.core.ApplicationFilterChain.doFilter(ApplicationFilterChain.java:162) ~[tomcat-embed-core-9.0.65.jar:9.0.65]
	at org.springframework.web.filter.RequestContextFilter.doFilterInternal(RequestContextFilter.java:100) ~[spring-web-5.3.22.jar:5.3.22]
	at org.springframework.web.filter.OncePerRequestFilter.doFilter(OncePerRequestFilter.java:117) ~[spring-web-5.3.22.jar:5.3.22]
	at org.apache.catalina.core.ApplicationFilterChain.internalDoFilter(ApplicationFilterChain.java:189) ~[tomcat-embed-core-9.0.65.jar:9.0.65]
	at org.apache.catalina.core.ApplicationFilterChain.doFilter(ApplicationFilterChain.java:162) ~[tomcat-embed-core-9.0.65.jar:9.0.65]
	at org.springframework.web.filter.FormContentFilter.doFilterInternal(FormContentFilter.java:93) ~[spring-web-5.3.22.jar:5.3.22]
	at org.springframework.web.filter.OncePerRequestFilter.doFilter(OncePerRequestFilter.java:117) ~[spring-web-5.3.22.jar:5.3.22]
	at org.apache.catalina.core.ApplicationFilterChain.internalDoFilter(ApplicationFilterChain.java:189) ~[tomcat-embed-core-9.0.65.jar:9.0.65]
	at org.apache.catalina.core.ApplicationFilterChain.doFilter(ApplicationFilterChain.java:162) ~[tomcat-embed-core-9.0.65.jar:9.0.65]
	at org.springframework.web.filter.CharacterEncodingFilter.doFilterInternal(CharacterEncodingFilter.java:201) ~[spring-web-5.3.22.jar:5.3.22]
	at org.springframework.web.filter.OncePerRequestFilter.doFilter(OncePerRequestFilter.java:117) ~[spring-web-5.3.22.jar:5.3.22]
	at org.apache.catalina.core.ApplicationFilterChain.internalDoFilter(ApplicationFilterChain.java:189) ~[tomcat-embed-core-9.0.65.jar:9.0.65]
	at org.apache.catalina.core.ApplicationFilterChain.doFilter(ApplicationFilterChain.java:162) ~[tomcat-embed-core-9.0.65.jar:9.0.65]
	at org.apache.catalina.core.StandardWrapperValve.invoke(StandardWrapperValve.java:197) ~[tomcat-embed-core-9.0.65.jar:9.0.65]
	at org.apache.catalina.core.StandardContextValve.invoke(StandardContextValve.java:97) [tomcat-embed-core-9.0.65.jar:9.0.65]
	at org.apache.catalina.authenticator.AuthenticatorBase.invoke(AuthenticatorBase.java:541) [tomcat-embed-core-9.0.65.jar:9.0.65]
	at org.apache.catalina.core.StandardHostValve.invoke(StandardHostValve.java:135) [tomcat-embed-core-9.0.65.jar:9.0.65]
	at org.apache.catalina.valves.ErrorReportValve.invoke(ErrorReportValve.java:92) [tomcat-embed-core-9.0.65.jar:9.0.65]
	at org.apache.catalina.core.StandardEngineValve.invoke(StandardEngineValve.java:78) [tomcat-embed-core-9.0.65.jar:9.0.65]
	at org.apache.catalina.connector.CoyoteAdapter.service(CoyoteAdapter.java:360) [tomcat-embed-core-9.0.65.jar:9.0.65]
	at org.apache.coyote.http11.Http11Processor.service(Http11Processor.java:399) [tomcat-embed-core-9.0.65.jar:9.0.65]
	at org.apache.coyote.AbstractProcessorLight.process(AbstractProcessorLight.java:65) [tomcat-embed-core-9.0.65.jar:9.0.65]
	at org.apache.coyote.AbstractProtocol$ConnectionHandler.process(AbstractProtocol.java:890) [tomcat-embed-core-9.0.65.jar:9.0.65]
	at org.apache.tomcat.util.net.NioEndpoint$SocketProcessor.doRun(NioEndpoint.java:1789) [tomcat-embed-core-9.0.65.jar:9.0.65]
	at org.apache.tomcat.util.net.SocketProcessorBase.run(SocketProcessorBase.java:49) [tomcat-embed-core-9.0.65.jar:9.0.65]
	at org.apache.tomcat.util.threads.ThreadPoolExecutor.runWorker(ThreadPoolExecutor.java:1191) [tomcat-embed-core-9.0.65.jar:9.0.65]
	at org.apache.tomcat.util.threads.ThreadPoolExecutor$Worker.run(ThreadPoolExecutor.java:659) [tomcat-embed-core-9.0.65.jar:9.0.65]
	at org.apache.tomcat.util.threads.TaskThread$WrappingRunnable.run(TaskThread.java:61) [tomcat-embed-core-9.0.65.jar:9.0.65]
	at java.lang.Thread.run(Unknown Source) [na:1.8.0_301]

2022-08-03 17:16:57.509 DEBUG 21028 --- [HikariPool-1 housekeeper] com.zaxxer.hikari.pool.HikariPool        : HikariPool-1 - Pool stats (total=10, active=0, idle=10, waiting=0)
2022-08-03 17:16:57.510 DEBUG 21028 --- [HikariPool-1 housekeeper] com.zaxxer.hikari.pool.HikariPool        : HikariPool-1 - Fill pool skipped, pool is at sufficient level.
2022-08-03 17:17:27.520 DEBUG 21028 --- [HikariPool-1 housekeeper] com.zaxxer.hikari.pool.HikariPool        : HikariPool-1 - Pool stats (total=10, active=0, idle=10, waiting=0)
2022-08-03 17:17:27.520 DEBUG 21028 --- [HikariPool-1 housekeeper] com.zaxxer.hikari.pool.HikariPool        : HikariPool-1 - Fill pool skipped, pool is at sufficient level.
2022-08-03 17:17:57.529 DEBUG 21028 --- [HikariPool-1 housekeeper] com.zaxxer.hikari.pool.HikariPool        : HikariPool-1 - Pool stats (total=10, active=0, idle=10, waiting=0)
2022-08-03 17:17:57.529 DEBUG 21028 --- [HikariPool-1 housekeeper] com.zaxxer.hikari.pool.HikariPool        : HikariPool-1 - Fill pool skipped, pool is at sufficient level.
2022-08-03 17:18:27.533 DEBUG 21028 --- [HikariPool-1 housekeeper] com.zaxxer.hikari.pool.HikariPool        : HikariPool-1 - Pool stats (total=10, active=0, idle=10, waiting=0)
2022-08-03 17:18:27.533 DEBUG 21028 --- [HikariPool-1 housekeeper] com.zaxxer.hikari.pool.HikariPool        : HikariPool-1 - Fill pool skipped, pool is at sufficient level.
2022-08-03 17:18:57.540 DEBUG 21028 --- [HikariPool-1 housekeeper] com.zaxxer.hikari.pool.HikariPool        : HikariPool-1 - Pool stats (total=10, active=0, idle=10, waiting=0)
2022-08-03 17:18:57.540 DEBUG 21028 --- [HikariPool-1 housekeeper] com.zaxxer.hikari.pool.HikariPool        : HikariPool-1 - Fill pool skipped, pool is at sufficient level.
2022-08-03 17:19:27.556 DEBUG 21028 --- [HikariPool-1 housekeeper] com.zaxxer.hikari.pool.HikariPool        : HikariPool-1 - Pool stats (total=10, active=0, idle=10, waiting=0)
2022-08-03 17:19:27.556 DEBUG 21028 --- [HikariPool-1 housekeeper] com.zaxxer.hikari.pool.HikariPool        : HikariPool-1 - Fill pool skipped, pool is at sufficient level.
2022-08-03 17:19:57.560 DEBUG 21028 --- [HikariPool-1 housekeeper] com.zaxxer.hikari.pool.HikariPool        : HikariPool-1 - Pool stats (total=10, active=0, idle=10, waiting=0)
2022-08-03 17:19:57.560 DEBUG 21028 --- [HikariPool-1 housekeeper] com.zaxxer.hikari.pool.HikariPool        : HikariPool-1 - Fill pool skipped, pool is at sufficient level.
2022-08-03 17:20:08.047  INFO 21028 --- [Thread-1] j.LocalContainerEntityManagerFactoryBean : Closing JPA EntityManagerFactory for persistence unit 'default'
2022-08-03 17:20:08.049  INFO 21028 --- [Thread-1] com.zaxxer.hikari.HikariDataSource       : HikariPool-1 - Shutdown initiated...
2022-08-03 17:20:08.050 DEBUG 21028 --- [Thread-1] com.zaxxer.hikari.pool.HikariPool        : HikariPool-1 - Before shutdown stats (total=10, active=0, idle=10, waiting=0)
2022-08-03 17:20:08.050 DEBUG 21028 --- [HikariPool-1 connection closer] com.zaxxer.hikari.pool.PoolBase          : HikariPool-1 - Closing connection com.mysql.cj.jdbc.ConnectionImpl@105cd9bd: (connection evicted)
2022-08-03 17:20:08.058 DEBUG 21028 --- [HikariPool-1 connection closer] com.zaxxer.hikari.pool.PoolBase          : HikariPool-1 - Closing connection com.mysql.cj.jdbc.ConnectionImpl@267c8b87: (connection evicted)
2022-08-03 17:20:08.058 DEBUG 21028 --- [HikariPool-1 connection closer] com.zaxxer.hikari.pool.PoolBase          : HikariPool-1 - Closing connection com.mysql.cj.jdbc.ConnectionImpl@674181bc: (connection evicted)
2022-08-03 17:20:08.059 DEBUG 21028 --- [HikariPool-1 connection closer] com.zaxxer.hikari.pool.PoolBase          : HikariPool-1 - Closing connection com.mysql.cj.jdbc.ConnectionImpl@566cc071: (connection evicted)
2022-08-03 17:20:08.059 DEBUG 21028 --- [HikariPool-1 connection closer] com.zaxxer.hikari.pool.PoolBase          : HikariPool-1 - Closing connection com.mysql.cj.jdbc.ConnectionImpl@61089f3b: (connection evicted)
2022-08-03 17:20:08.059 DEBUG 21028 --- [HikariPool-1 connection closer] com.zaxxer.hikari.pool.PoolBase          : HikariPool-1 - Closing connection com.mysql.cj.jdbc.ConnectionImpl@774de4c8: (connection evicted)
2022-08-03 17:20:08.060 DEBUG 21028 --- [HikariPool-1 connection closer] com.zaxxer.hikari.pool.PoolBase          : HikariPool-1 - Closing connection com.mysql.cj.jdbc.ConnectionImpl@2674332c: (connection evicted)
2022-08-03 17:20:08.060 DEBUG 21028 --- [HikariPool-1 connection closer] com.zaxxer.hikari.pool.PoolBase          : HikariPool-1 - Closing connection com.mysql.cj.jdbc.ConnectionImpl@55939d1e: (connection evicted)
2022-08-03 17:20:08.060 DEBUG 21028 --- [HikariPool-1 connection closer] com.zaxxer.hikari.pool.PoolBase          : HikariPool-1 - Closing connection com.mysql.cj.jdbc.ConnectionImpl@6b45a364: (connection evicted)
2022-08-03 17:20:08.060 DEBUG 21028 --- [HikariPool-1 connection closer] com.zaxxer.hikari.pool.PoolBase          : HikariPool-1 - Closing connection com.mysql.cj.jdbc.ConnectionImpl@1d8f3eff: (connection evicted)
2022-08-03 17:20:08.060 DEBUG 21028 --- [Thread-1] com.zaxxer.hikari.pool.HikariPool        : HikariPool-1 - After shutdown stats (total=0, active=0, idle=0, waiting=0)
2022-08-03 17:20:08.060  INFO 21028 --- [Thread-1] com.zaxxer.hikari.HikariDataSource       : HikariPool-1 - Shutdown completed.
2022-08-03 17:20:08.255  INFO 21028 --- [restartedMain] com.consumer.ConsumerApplication         : Starting ConsumerApplication using Java 1.8.0_301 on STGILT-NEW-68 with PID 21028 (C:\Users\jasonkarunakarand\Downloads\consumer\consumer\target\classes started by jasonkarunakarand in C:\Users\jasonkarunakarand\Downloads\consumer\consumer)
2022-08-03 17:20:08.256 DEBUG 21028 --- [restartedMain] com.consumer.ConsumerApplication         : Running with Spring Boot v2.7.2, Spring v5.3.22
2022-08-03 17:20:08.256  INFO 21028 --- [restartedMain] com.consumer.ConsumerApplication         : No active profile set, falling back to 1 default profile: "default"
2022-08-03 17:20:08.443  INFO 21028 --- [restartedMain] .s.d.r.c.RepositoryConfigurationDelegate : Bootstrapping Spring Data JPA repositories in DEFAULT mode.
2022-08-03 17:20:08.452  INFO 21028 --- [restartedMain] .s.d.r.c.RepositoryConfigurationDelegate : Finished Spring Data repository scanning in 8 ms. Found 1 JPA repository interfaces.
2022-08-03 17:20:08.553  INFO 21028 --- [restartedMain] o.s.b.w.embedded.tomcat.TomcatWebServer  : Tomcat initialized with port(s): 9092 (http)
2022-08-03 17:20:08.554  INFO 21028 --- [restartedMain] o.apache.catalina.core.StandardService   : Starting service [Tomcat]
2022-08-03 17:20:08.554  INFO 21028 --- [restartedMain] org.apache.catalina.core.StandardEngine  : Starting Servlet engine: [Apache Tomcat/9.0.65]
2022-08-03 17:20:08.563  INFO 21028 --- [restartedMain] o.a.c.c.C.[.[.[/catalogservice]          : Initializing Spring embedded WebApplicationContext
2022-08-03 17:20:08.564  INFO 21028 --- [restartedMain] w.s.c.ServletWebServerApplicationContext : Root WebApplicationContext: initialization completed in 304 ms
2022-08-03 17:20:08.575 DEBUG 21028 --- [restartedMain] com.zaxxer.hikari.HikariConfig           : Driver class com.mysql.cj.jdbc.Driver found in Thread context class loader org.springframework.boot.devtools.restart.classloader.RestartClassLoader@1c4bb697
2022-08-03 17:20:08.598  INFO 21028 --- [restartedMain] o.hibernate.jpa.internal.util.LogHelper  : HHH000204: Processing PersistenceUnitInfo [name: default]
2022-08-03 17:20:08.602 DEBUG 21028 --- [restartedMain] com.zaxxer.hikari.HikariConfig           : HikariPool-2 - configuration:
2022-08-03 17:20:08.603 DEBUG 21028 --- [restartedMain] com.zaxxer.hikari.HikariConfig           : allowPoolSuspension................................false
2022-08-03 17:20:08.603 DEBUG 21028 --- [restartedMain] com.zaxxer.hikari.HikariConfig           : autoCommit................................true
2022-08-03 17:20:08.603 DEBUG 21028 --- [restartedMain] com.zaxxer.hikari.HikariConfig           : catalog................................none
2022-08-03 17:20:08.603 DEBUG 21028 --- [restartedMain] com.zaxxer.hikari.HikariConfig           : connectionInitSql................................none
2022-08-03 17:20:08.603 DEBUG 21028 --- [restartedMain] com.zaxxer.hikari.HikariConfig           : connectionTestQuery................................none
2022-08-03 17:20:08.603 DEBUG 21028 --- [restartedMain] com.zaxxer.hikari.HikariConfig           : connectionTimeout................................30000
2022-08-03 17:20:08.603 DEBUG 21028 --- [restartedMain] com.zaxxer.hikari.HikariConfig           : dataSource................................none
2022-08-03 17:20:08.603 DEBUG 21028 --- [restartedMain] com.zaxxer.hikari.HikariConfig           : dataSourceClassName................................none
2022-08-03 17:20:08.603 DEBUG 21028 --- [restartedMain] com.zaxxer.hikari.HikariConfig           : dataSourceJNDI................................none
2022-08-03 17:20:08.603 DEBUG 21028 --- [restartedMain] com.zaxxer.hikari.HikariConfig           : dataSourceProperties................................{password=<masked>}
2022-08-03 17:20:08.603 DEBUG 21028 --- [restartedMain] com.zaxxer.hikari.HikariConfig           : driverClassName................................"com.mysql.cj.jdbc.Driver"
2022-08-03 17:20:08.603 DEBUG 21028 --- [restartedMain] com.zaxxer.hikari.HikariConfig           : exceptionOverrideClassName................................none
2022-08-03 17:20:08.604 DEBUG 21028 --- [restartedMain] com.zaxxer.hikari.HikariConfig           : healthCheckProperties................................{}
2022-08-03 17:20:08.604 DEBUG 21028 --- [restartedMain] com.zaxxer.hikari.HikariConfig           : healthCheckRegistry................................none
2022-08-03 17:20:08.604 DEBUG 21028 --- [restartedMain] com.zaxxer.hikari.HikariConfig           : idleTimeout................................600000
2022-08-03 17:20:08.604 DEBUG 21028 --- [restartedMain] com.zaxxer.hikari.HikariConfig           : initializationFailTimeout................................1
2022-08-03 17:20:08.604 DEBUG 21028 --- [restartedMain] com.zaxxer.hikari.HikariConfig           : isolateInternalQueries................................false
2022-08-03 17:20:08.604 DEBUG 21028 --- [restartedMain] com.zaxxer.hikari.HikariConfig           : jdbcUrl................................jdbc:mysql://localhost:3306/casestudy?useSSL=false
2022-08-03 17:20:08.604 DEBUG 21028 --- [restartedMain] com.zaxxer.hikari.HikariConfig           : keepaliveTime................................0
2022-08-03 17:20:08.604 DEBUG 21028 --- [restartedMain] com.zaxxer.hikari.HikariConfig           : leakDetectionThreshold................................0
2022-08-03 17:20:08.604 DEBUG 21028 --- [restartedMain] com.zaxxer.hikari.HikariConfig           : maxLifetime................................1800000
2022-08-03 17:20:08.604 DEBUG 21028 --- [restartedMain] com.zaxxer.hikari.HikariConfig           : maximumPoolSize................................10
2022-08-03 17:20:08.604 DEBUG 21028 --- [restartedMain] com.zaxxer.hikari.HikariConfig           : metricRegistry................................none
2022-08-03 17:20:08.604 DEBUG 21028 --- [restartedMain] com.zaxxer.hikari.HikariConfig           : metricsTrackerFactory................................none
2022-08-03 17:20:08.604 DEBUG 21028 --- [restartedMain] com.zaxxer.hikari.HikariConfig           : minimumIdle................................10
2022-08-03 17:20:08.604 DEBUG 21028 --- [restartedMain] com.zaxxer.hikari.HikariConfig           : password................................<masked>
2022-08-03 17:20:08.604 DEBUG 21028 --- [restartedMain] com.zaxxer.hikari.HikariConfig           : poolName................................"HikariPool-2"
2022-08-03 17:20:08.605 DEBUG 21028 --- [restartedMain] com.zaxxer.hikari.HikariConfig           : readOnly................................false
2022-08-03 17:20:08.605 DEBUG 21028 --- [restartedMain] com.zaxxer.hikari.HikariConfig           : registerMbeans................................false
2022-08-03 17:20:08.605 DEBUG 21028 --- [restartedMain] com.zaxxer.hikari.HikariConfig           : scheduledExecutor................................none
2022-08-03 17:20:08.605 DEBUG 21028 --- [restartedMain] com.zaxxer.hikari.HikariConfig           : schema................................none
2022-08-03 17:20:08.605 DEBUG 21028 --- [restartedMain] com.zaxxer.hikari.HikariConfig           : threadFactory................................internal
2022-08-03 17:20:08.605 DEBUG 21028 --- [restartedMain] com.zaxxer.hikari.HikariConfig           : transactionIsolation................................default
2022-08-03 17:20:08.605 DEBUG 21028 --- [restartedMain] com.zaxxer.hikari.HikariConfig           : username................................"root"
2022-08-03 17:20:08.605 DEBUG 21028 --- [restartedMain] com.zaxxer.hikari.HikariConfig           : validationTimeout................................5000
2022-08-03 17:20:08.605  INFO 21028 --- [restartedMain] com.zaxxer.hikari.HikariDataSource       : HikariPool-2 - Starting...
2022-08-03 17:20:08.614 DEBUG 21028 --- [restartedMain] com.zaxxer.hikari.pool.HikariPool        : HikariPool-2 - Added connection com.mysql.cj.jdbc.ConnectionImpl@48a44c4e
2022-08-03 17:20:08.614  INFO 21028 --- [restartedMain] com.zaxxer.hikari.HikariDataSource       : HikariPool-2 - Start completed.
2022-08-03 17:20:08.615  INFO 21028 --- [restartedMain] org.hibernate.dialect.Dialect            : HHH000400: Using dialect: org.hibernate.dialect.MySQL8Dialect
2022-08-03 17:20:08.644  INFO 21028 --- [restartedMain] o.h.e.t.j.p.i.JtaPlatformInitiator       : HHH000490: Using JtaPlatform implementation: [org.hibernate.engine.transaction.jta.platform.internal.NoJtaPlatform]
2022-08-03 17:20:08.644  INFO 21028 --- [restartedMain] j.LocalContainerEntityManagerFactoryBean : Initialized JPA EntityManagerFactory for persistence unit 'default'
2022-08-03 17:20:08.721 DEBUG 21028 --- [HikariPool-2 housekeeper] com.zaxxer.hikari.pool.HikariPool        : HikariPool-2 - Pool stats (total=1, active=0, idle=1, waiting=0)
2022-08-03 17:20:08.724  WARN 21028 --- [restartedMain] JpaBaseConfiguration$JpaWebConfiguration : spring.jpa.open-in-view is enabled by default. Therefore, database queries may be performed during view rendering. Explicitly configure spring.jpa.open-in-view to disable this warning
2022-08-03 17:20:08.729 DEBUG 21028 --- [HikariPool-2 connection adder] com.zaxxer.hikari.pool.HikariPool        : HikariPool-2 - Added connection com.mysql.cj.jdbc.ConnectionImpl@5c5bf098
2022-08-03 17:20:08.733 DEBUG 21028 --- [HikariPool-2 connection adder] com.zaxxer.hikari.pool.HikariPool        : HikariPool-2 - Added connection com.mysql.cj.jdbc.ConnectionImpl@1d66faa3
2022-08-03 17:20:08.737 DEBUG 21028 --- [HikariPool-2 connection adder] com.zaxxer.hikari.pool.HikariPool        : HikariPool-2 - Added connection com.mysql.cj.jdbc.ConnectionImpl@2cb1662d
2022-08-03 17:20:08.741 DEBUG 21028 --- [HikariPool-2 connection adder] com.zaxxer.hikari.pool.HikariPool        : HikariPool-2 - Added connection com.mysql.cj.jdbc.ConnectionImpl@7d4905ec
2022-08-03 17:20:08.746 DEBUG 21028 --- [HikariPool-2 connection adder] com.zaxxer.hikari.pool.HikariPool        : HikariPool-2 - Added connection com.mysql.cj.jdbc.ConnectionImpl@4c540617
2022-08-03 17:20:08.750 DEBUG 21028 --- [HikariPool-2 connection adder] com.zaxxer.hikari.pool.HikariPool        : HikariPool-2 - Added connection com.mysql.cj.jdbc.ConnectionImpl@615c8015
2022-08-03 17:20:08.756 DEBUG 21028 --- [HikariPool-2 connection adder] com.zaxxer.hikari.pool.HikariPool        : HikariPool-2 - Added connection com.mysql.cj.jdbc.ConnectionImpl@efc309a
2022-08-03 17:20:08.762 DEBUG 21028 --- [HikariPool-2 connection adder] com.zaxxer.hikari.pool.HikariPool        : HikariPool-2 - Added connection com.mysql.cj.jdbc.ConnectionImpl@4a83072b
2022-08-03 17:20:08.768 DEBUG 21028 --- [HikariPool-2 connection adder] com.zaxxer.hikari.pool.HikariPool        : HikariPool-2 - Added connection com.mysql.cj.jdbc.ConnectionImpl@6016ce12
2022-08-03 17:20:08.768 DEBUG 21028 --- [HikariPool-2 connection adder] com.zaxxer.hikari.pool.HikariPool        : HikariPool-2 - After adding stats (total=10, active=0, idle=10, waiting=0)
2022-08-03 17:20:08.813  WARN 21028 --- [restartedMain] o.s.b.d.a.OptionalLiveReloadServer       : Unable to start LiveReload server
2022-08-03 17:20:08.819  INFO 21028 --- [restartedMain] o.s.b.w.embedded.tomcat.TomcatWebServer  : Tomcat started on port(s): 9092 (http) with context path '/catalogservice'
2022-08-03 17:20:08.823  INFO 21028 --- [restartedMain] com.consumer.ConsumerApplication         : Started ConsumerApplication in 0.606 seconds (JVM running for 524.393)
2022-08-03 17:20:08.825  INFO 21028 --- [restartedMain] .ConditionEvaluationDeltaLoggingListener : Condition evaluation unchanged
2022-08-03 17:20:22.738  INFO 21028 --- [http-nio-9092-exec-1] o.a.c.c.C.[.[.[/catalogservice]          : Initializing Spring DispatcherServlet 'dispatcherServlet'
2022-08-03 17:20:22.738  INFO 21028 --- [http-nio-9092-exec-1] o.s.web.servlet.DispatcherServlet        : Initializing Servlet 'dispatcherServlet'
2022-08-03 17:20:22.739  INFO 21028 --- [http-nio-9092-exec-1] o.s.web.servlet.DispatcherServlet        : Completed initialization in 1 ms
2022-08-03 17:20:38.732 DEBUG 21028 --- [HikariPool-2 housekeeper] com.zaxxer.hikari.pool.HikariPool        : HikariPool-2 - Pool stats (total=10, active=0, idle=10, waiting=0)
2022-08-03 17:20:38.732 DEBUG 21028 --- [HikariPool-2 housekeeper] com.zaxxer.hikari.pool.HikariPool        : HikariPool-2 - Fill pool skipped, pool is at sufficient level.
2022-08-03 17:21:08.739 DEBUG 21028 --- [HikariPool-2 housekeeper] com.zaxxer.hikari.pool.HikariPool        : HikariPool-2 - Pool stats (total=10, active=0, idle=10, waiting=0)
2022-08-03 17:21:08.740 DEBUG 21028 --- [HikariPool-2 housekeeper] com.zaxxer.hikari.pool.HikariPool        : HikariPool-2 - Fill pool skipped, pool is at sufficient level.
2022-08-03 17:21:38.742 DEBUG 21028 --- [HikariPool-2 housekeeper] com.zaxxer.hikari.pool.HikariPool        : HikariPool-2 - Pool stats (total=10, active=0, idle=10, waiting=0)
2022-08-03 17:21:38.742 DEBUG 21028 --- [HikariPool-2 housekeeper] com.zaxxer.hikari.pool.HikariPool        : HikariPool-2 - Fill pool skipped, pool is at sufficient level.
2022-08-03 17:22:08.751 DEBUG 21028 --- [HikariPool-2 housekeeper] com.zaxxer.hikari.pool.HikariPool        : HikariPool-2 - Pool stats (total=10, active=0, idle=10, waiting=0)
2022-08-03 17:22:08.751 DEBUG 21028 --- [HikariPool-2 housekeeper] com.zaxxer.hikari.pool.HikariPool        : HikariPool-2 - Fill pool skipped, pool is at sufficient level.
